<?xml version="1.0" encoding="UTF-8"?>
<!-- Generated by org.testng.reporters.JUnitReportReporter -->
<testsuite hostname="Purnac-PC" name="managers.ExtentManager" tests="1" failures="0" timestamp="14 Jan 2020 20:17:48 GMT" time="0.124" errors="0">
  <testcase name="ExtentReports_CreateInstance" time="0.124" classname="managers.ExtentManager"/>
</testsuite> <!-- managers.ExtentManager -->
