<?xml version="1.0" encoding="UTF-8"?>
<!-- Generated by org.testng.reporters.JUnitReportReporter -->
<testsuite hostname="LAPTOP-ISKHN4MM" name="Test_Functions.Test2" tests="1" failures="0" timestamp="14 Apr 2020 07:43:33 GMT" time="70.420" errors="0">
  <testcase name="Facebook" time="70.420" classname="Test_Functions.Test2"/>
</testsuite> <!-- Test_Functions.Test2 -->
