<?xml version="1.0" encoding="UTF-8"?>
<!-- Generated by org.testng.reporters.JUnitReportReporter -->
<testsuite hostname="Purnac-PC" name="Test_Functions.Test1" tests="1" failures="0" timestamp="14 Jan 2020 19:47:30 GMT" time="0.023" errors="0">
  <testcase name="BGoogle" time="0.023" classname="Test_Functions.Test1"/>
</testsuite> <!-- Test_Functions.Test1 -->
